<?xml version="1.0" encoding="UTF-8"?>
<testng-results ignored="0" total="1" passed="1" failed="0" skipped="0">
  <reporter-output>
  </reporter-output>
  <suite started-at="2021-10-28T15:28:33 EDT" name="Surefire suite" finished-at="2021-10-28T15:28:43 EDT" duration-ms="9733">
    <groups>
      <group name="cucumber">
        <method signature="AbstractTestNGCucumberTests.runScenario(io.cucumber.testng.PickleWrapper, io.cucumber.testng.FeatureWrapper)[pri:0, instance:TestRunner@57f23557]" name="runScenario" class="io.cucumber.testng.AbstractTestNGCucumberTests"/>
      </group> <!-- cucumber -->
    </groups>
    <test started-at="2021-10-28T15:28:33 EDT" name="Surefire test" finished-at="2021-10-28T15:28:43 EDT" duration-ms="9733">
      <class name="TestRunner">
        <test-method is-config="true" signature="setUpClass()[pri:0, instance:TestRunner@57f23557]" started-at="2021-10-28T15:28:33 EDT" name="setUpClass" finished-at="2021-10-28T15:28:34 EDT" duration-ms="467" status="PASS">
          <reporter-output>
          </reporter-output>
        </test-method> <!-- setUpClass -->
        <test-method signature="runScenario(io.cucumber.testng.PickleWrapper, io.cucumber.testng.FeatureWrapper)[pri:0, instance:TestRunner@57f23557]" started-at="2021-10-28T15:28:34 EDT" name="runScenario" description="Runs Cucumber Scenarios" data-provider="scenarios" finished-at="2021-10-28T15:28:43 EDT" duration-ms="9064" status="PASS">
          <params>
            <param index="0">
              <value>
                <![CDATA["Student should be able to register with valid information"]]>
              </value>
            </param>
            <param index="1">
              <value>
                <![CDATA["Optional[Sign up]"]]>
              </value>
            </param>
          </params>
          <reporter-output>
          </reporter-output>
        </test-method> <!-- runScenario -->
        <test-method is-config="true" signature="tearDownClass()[pri:0, instance:TestRunner@57f23557]" started-at="2021-10-28T15:28:43 EDT" name="tearDownClass" finished-at="2021-10-28T15:28:43 EDT" duration-ms="149" status="PASS">
          <reporter-output>
          </reporter-output>
        </test-method> <!-- tearDownClass -->
      </class> <!-- TestRunner -->
    </test> <!-- Surefire test -->
  </suite> <!-- Surefire suite -->
</testng-results>
